{"Event":{"#attributes":{"xmlns":"http://schemas.microsoft.com/win/2004/08/events/event"},"System":{"Provider":{"#attributes":{"Name":"Microsoft-Windows-Sysmon","Guid":"5770385F-C22A-43E0-BF4C-06F5698FFBD9"}},"EventID":10,"Version":3,"Level":4,"Task":10,"Opcode":0,"Keywords":"0x8000000000000000","TimeCreated":{"#attributes":{"SystemTime":"2019-04-30T12:43:43.784179Z"}},"EventRecordID":9058,"Correlation":null,"Execution":{"#attributes":{"ProcessID":1964,"ThreadID":316}},"Channel":"Microsoft-Windows-Sysmon/Operational","Computer":"IEWIN7","Security":{"#attributes":{"UserID":"S-1-5-18"}}},"EventData":{"RuleName":"","UtcTime":"2019-04-30 12:43:43.784","SourceProcessGUID":"365ABB72-4055-5CC8-0000-0010769D0B00","SourceProcessId":1532,"SourceThreadId":2284,"SourceImage":"\\\\VBOXSVR\\HTools\\voice_mail.msg.exe","TargetProcessGUID":"365ABB72-3FDE-5CC8-0000-0010142B0000","TargetProcessId":264,"TargetImage":"C:\\Windows\\System32\\smss.exe","GrantedAccess":"0x1f1fff","CallTrace":"C:\\Windows\\SYSTEM32\\ntdll.dll+4595c|C:\\Windows\\system32\\KERNELBASE.dll+8185|UNKNOWN(01B51606)|UNKNOWN(01B51F41)|UNKNOWN(01B51515)|UNKNOWN(014A7486)|UNKNOWN(014A73A0)|UNKNOWN(014A78A3)|C:\\Windows\\system32\\kernel32.dll+4ef8c|C:\\Windows\\SYSTEM32\\ntdll.dll+6367a|C:\\Windows\\SYSTEM32\\ntdll.dll+6364d"}}}
{"Event":{"#attributes":{"xmlns":"http://schemas.microsoft.com/win/2004/08/events/event"},"System":{"Provider":{"#attributes":{"Name":"Microsoft-Windows-Sysmon","Guid":"5770385F-C22A-43E0-BF4C-06F5698FFBD9"}},"EventID":10,"Version":3,"Level":4,"Task":10,"Opcode":0,"Keywords":"0x8000000000000000","TimeCreated":{"#attributes":{"SystemTime":"2019-04-30T12:43:43.784179Z"}},"EventRecordID":9059,"Correlation":null,"Execution":{"#attributes":{"ProcessID":1964,"ThreadID":316}},"Channel":"Microsoft-Windows-Sysmon/Operational","Computer":"IEWIN7","Security":{"#attributes":{"UserID":"S-1-5-18"}}},"EventData":{"RuleName":"","UtcTime":"2019-04-30 12:43:43.784","SourceProcessGUID":"365ABB72-4055-5CC8-0000-0010769D0B00","SourceProcessId":1532,"SourceThreadId":2284,"SourceImage":"\\\\VBOXSVR\\HTools\\voice_mail.msg.exe","TargetProcessGUID":"365ABB72-3FDF-5CC8-0000-00103C480000","TargetProcessId":336,"TargetImage":"C:\\Windows\\system32\\csrss.exe","GrantedAccess":"0x1f1fff","CallTrace":"C:\\Windows\\SYSTEM32\\ntdll.dll+4595c|C:\\Windows\\system32\\KERNELBASE.dll+8185|UNKNOWN(01B51606)|UNKNOWN(01B51F41)|UNKNOWN(01B51515)|UNKNOWN(014A7486)|UNKNOWN(014A73A0)|UNKNOWN(014A78A3)|C:\\Windows\\system32\\kernel32.dll+4ef8c|C:\\Windows\\SYSTEM32\\ntdll.dll+6367a|C:\\Windows\\SYSTEM32\\ntdll.dll+6364d"}}}
{"Event":{"#attributes":{"xmlns":"http://schemas.microsoft.com/win/2004/08/events/event"},"System":{"Provider":{"#attributes":{"Name":"Microsoft-Windows-Sysmon","Guid":"5770385F-C22A-43E0-BF4C-06F5698FFBD9"}},"EventID":8,"Version":2,"Level":4,"Task":8,"Opcode":0,"Keywords":"0x8000000000000000","TimeCreated":{"#attributes":{"SystemTime":"2019-04-30T12:43:43.784179Z"}},"EventRecordID":9060,"Correlation":null,"Execution":{"#attributes":{"ProcessID":1964,"ThreadID":316}},"Channel":"Microsoft-Windows-Sysmon/Operational","Computer":"IEWIN7","Security":{"#attributes":{"UserID":"S-1-5-18"}}},"EventData":{"RuleName":"","UtcTime":"2019-04-30 12:43:43.784","SourceProcessGuid":"365ABB72-4055-5CC8-0000-0010769D0B00","SourceProcessId":1532,"SourceImage":"\\\\VBOXSVR\\HTools\\voice_mail.msg.exe","TargetProcessGuid":"365ABB72-3FE0-5CC8-0000-00107E590000","TargetProcessId":492,"TargetImage":"C:\\Windows\\System32\\lsass.exe","NewThreadId":1744,"StartAddress":"0x001A0000","StartModule":"","StartFunction":""}}}
{"Event":{"#attributes":{"xmlns":"http://schemas.microsoft.com/win/2004/08/events/event"},"System":{"Provider":{"#attributes":{"Name":"Microsoft-Windows-Sysmon","Guid":"5770385F-C22A-43E0-BF4C-06F5698FFBD9"}},"EventID":10,"Version":3,"Level":4,"Task":10,"Opcode":0,"Keywords":"0x8000000000000000","TimeCreated":{"#attributes":{"SystemTime":"2019-04-30T12:43:43.784179Z"}},"EventRecordID":9061,"Correlation":null,"Execution":{"#attributes":{"ProcessID":1964,"ThreadID":316}},"Channel":"Microsoft-Windows-Sysmon/Operational","Computer":"IEWIN7","Security":{"#attributes":{"UserID":"S-1-5-18"}}},"EventData":{"RuleName":"","UtcTime":"2019-04-30 12:43:43.784","SourceProcessGUID":"365ABB72-4055-5CC8-0000-0010769D0B00","SourceProcessId":1532,"SourceThreadId":2284,"SourceImage":"\\\\VBOXSVR\\HTools\\voice_mail.msg.exe","TargetProcessGUID":"365ABB72-3FE0-5CC8-0000-0010014C0000","TargetProcessId":384,"TargetImage":"C:\\Windows\\system32\\csrss.exe","GrantedAccess":"0x1f1fff","CallTrace":"C:\\Windows\\SYSTEM32\\ntdll.dll+4595c|C:\\Windows\\system32\\KERNELBASE.dll+8185|UNKNOWN(01B51606)|UNKNOWN(01B51F41)|UNKNOWN(01B51515)|UNKNOWN(014A7486)|UNKNOWN(014A73A0)|UNKNOWN(014A78A3)|C:\\Windows\\system32\\kernel32.dll+4ef8c|C:\\Windows\\SYSTEM32\\ntdll.dll+6367a|C:\\Windows\\SYSTEM32\\ntdll.dll+6364d"}}}
{"Event":{"#attributes":{"xmlns":"http://schemas.microsoft.com/win/2004/08/events/event"},"System":{"Provider":{"#attributes":{"Name":"Microsoft-Windows-Sysmon","Guid":"5770385F-C22A-43E0-BF4C-06F5698FFBD9"}},"EventID":10,"Version":3,"Level":4,"Task":10,"Opcode":0,"Keywords":"0x8000000000000000","TimeCreated":{"#attributes":{"SystemTime":"2019-04-30T12:43:43.784179Z"}},"EventRecordID":9062,"Correlation":null,"Execution":{"#attributes":{"ProcessID":1964,"ThreadID":316}},"Channel":"Microsoft-Windows-Sysmon/Operational","Computer":"IEWIN7","Security":{"#attributes":{"UserID":"S-1-5-18"}}},"EventData":{"RuleName":"","UtcTime":"2019-04-30 12:43:43.784","SourceProcessGUID":"365ABB72-4055-5CC8-0000-0010769D0B00","SourceProcessId":1532,"SourceThreadId":2284,"SourceImage":"\\\\VBOXSVR\\HTools\\voice_mail.msg.exe","TargetProcessGUID":"365ABB72-3FE0-5CC8-0000-00101E4C0000","TargetProcessId":392,"TargetImage":"C:\\Windows\\system32\\wininit.exe","GrantedAccess":"0x1f1fff","CallTrace":"C:\\Windows\\SYSTEM32\\ntdll.dll+4595c|C:\\Windows\\system32\\KERNELBASE.dll+8185|UNKNOWN(01B51606)|UNKNOWN(01B51F41)|UNKNOWN(01B51515)|UNKNOWN(014A7486)|UNKNOWN(014A73A0)|UNKNOWN(014A78A3)|C:\\Windows\\system32\\kernel32.dll+4ef8c|C:\\Windows\\SYSTEM32\\ntdll.dll+6367a|C:\\Windows\\SYSTEM32\\ntdll.dll+6364d"}}}
{"Event":{"#attributes":{"xmlns":"http://schemas.microsoft.com/win/2004/08/events/event"},"System":{"Provider":{"#attributes":{"Name":"Microsoft-Windows-Sysmon","Guid":"5770385F-C22A-43E0-BF4C-06F5698FFBD9"}},"EventID":10,"Version":3,"Level":4,"Task":10,"Opcode":0,"Keywords":"0x8000000000000000","TimeCreated":{"#attributes":{"SystemTime":"2019-04-30T12:43:43.784179Z"}},"EventRecordID":9063,"Correlation":null,"Execution":{"#attributes":{"ProcessID":1964,"ThreadID":316}},"Channel":"Microsoft-Windows-Sysmon/Operational","Computer":"IEWIN7","Security":{"#attributes":{"UserID":"S-1-5-18"}}},"EventData":{"RuleName":"","UtcTime":"2019-04-30 12:43:43.784","SourceProcessGUID":"365ABB72-4055-5CC8-0000-0010769D0B00","SourceProcessId":1532,"SourceThreadId":2284,"SourceImage":"\\\\VBOXSVR\\HTools\\voice_mail.msg.exe","TargetProcessGUID":"365ABB72-3FE0-5CC8-0000-00104D520000","TargetProcessId":440,"TargetImage":"C:\\Windows\\system32\\winlogon.exe","GrantedAccess":"0x1f1fff","CallTrace":"C:\\Windows\\SYSTEM32\\ntdll.dll+4595c|C:\\Windows\\system32\\KERNELBASE.dll+8185|UNKNOWN(01B51606)|UNKNOWN(01B51F41)|UNKNOWN(01B51515)|UNKNOWN(014A7486)|UNKNOWN(014A73A0)|UNKNOWN(014A78A3)|C:\\Windows\\system32\\kernel32.dll+4ef8c|C:\\Windows\\SYSTEM32\\ntdll.dll+6367a|C:\\Windows\\SYSTEM32\\ntdll.dll+6364d"}}}
{"Event":{"#attributes":{"xmlns":"http://schemas.microsoft.com/win/2004/08/events/event"},"System":{"Provider":{"#attributes":{"Name":"Microsoft-Windows-Sysmon","Guid":"5770385F-C22A-43E0-BF4C-06F5698FFBD9"}},"EventID":10,"Version":3,"Level":4,"Task":10,"Opcode":0,"Keywords":"0x8000000000000000","TimeCreated":{"#attributes":{"SystemTime":"2019-04-30T12:43:43.784179Z"}},"EventRecordID":9064,"Correlation":null,"Execution":{"#attributes":{"ProcessID":1964,"ThreadID":316}},"Channel":"Microsoft-Windows-Sysmon/Operational","Computer":"IEWIN7","Security":{"#attributes":{"UserID":"S-1-5-18"}}},"EventData":{"RuleName":"","UtcTime":"2019-04-30 12:43:43.784","SourceProcessGUID":"365ABB72-4055-5CC8-0000-0010769D0B00","SourceProcessId":1532,"SourceThreadId":2284,"SourceImage":"\\\\VBOXSVR\\HTools\\voice_mail.msg.exe","TargetProcessGUID":"365ABB72-3FE0-5CC8-0000-00100D550000","TargetProcessId":468,"TargetImage":"C:\\Windows\\system32\\services.exe","GrantedAccess":"0x1f1fff","CallTrace":"C:\\Windows\\SYSTEM32\\ntdll.dll+4595c|C:\\Windows\\system32\\KERNELBASE.dll+8185|UNKNOWN(01B51606)|UNKNOWN(01B51F41)|UNKNOWN(01B51515)|UNKNOWN(014A7486)|UNKNOWN(014A73A0)|UNKNOWN(014A78A3)|C:\\Windows\\system32\\kernel32.dll+4ef8c|C:\\Windows\\SYSTEM32\\ntdll.dll+6367a|C:\\Windows\\SYSTEM32\\ntdll.dll+6364d"}}}
{"Event":{"#attributes":{"xmlns":"http://schemas.microsoft.com/win/2004/08/events/event"},"System":{"Provider":{"#attributes":{"Name":"Microsoft-Windows-Sysmon","Guid":"5770385F-C22A-43E0-BF4C-06F5698FFBD9"}},"EventID":10,"Version":3,"Level":4,"Task":10,"Opcode":0,"Keywords":"0x8000000000000000","TimeCreated":{"#attributes":{"SystemTime":"2019-04-30T12:43:43.784179Z"}},"EventRecordID":9065,"Correlation":null,"Execution":{"#attributes":{"ProcessID":1964,"ThreadID":316}},"Channel":"Microsoft-Windows-Sysmon/Operational","Computer":"IEWIN7","Security":{"#attributes":{"UserID":"S-1-5-18"}}},"EventData":{"RuleName":"","UtcTime":"2019-04-30 12:43:43.784","SourceProcessGUID":"365ABB72-4055-5CC8-0000-0010769D0B00","SourceProcessId":1532,"SourceThreadId":2284,"SourceImage":"\\\\VBOXSVR\\HTools\\voice_mail.msg.exe","TargetProcessGUID":"365ABB72-3FE0-5CC8-0000-00107E590000","TargetProcessId":492,"TargetImage":"C:\\Windows\\system32\\lsass.exe","GrantedAccess":"0x1f1fff","CallTrace":"C:\\Windows\\SYSTEM32\\ntdll.dll+4595c|C:\\Windows\\system32\\KERNELBASE.dll+8185|UNKNOWN(01B51606)|UNKNOWN(01B51F41)|UNKNOWN(01B51515)|UNKNOWN(014A7486)|UNKNOWN(014A73A0)|UNKNOWN(014A78A3)|C:\\Windows\\system32\\kernel32.dll+4ef8c|C:\\Windows\\SYSTEM32\\ntdll.dll+6367a|C:\\Windows\\SYSTEM32\\ntdll.dll+6364d"}}}
{"Event":{"#attributes":{"xmlns":"http://schemas.microsoft.com/win/2004/08/events/event"},"System":{"Provider":{"#attributes":{"Name":"Microsoft-Windows-Sysmon","Guid":"5770385F-C22A-43E0-BF4C-06F5698FFBD9"}},"EventID":8,"Version":2,"Level":4,"Task":8,"Opcode":0,"Keywords":"0x8000000000000000","TimeCreated":{"#attributes":{"SystemTime":"2019-04-30T12:43:43.784179Z"}},"EventRecordID":9066,"Correlation":null,"Execution":{"#attributes":{"ProcessID":1964,"ThreadID":316}},"Channel":"Microsoft-Windows-Sysmon/Operational","Computer":"IEWIN7","Security":{"#attributes":{"UserID":"S-1-5-18"}}},"EventData":{"RuleName":"","UtcTime":"2019-04-30 12:43:43.784","SourceProcessGuid":"365ABB72-4055-5CC8-0000-0010769D0B00","SourceProcessId":1532,"SourceImage":"\\\\VBOXSVR\\HTools\\voice_mail.msg.exe","TargetProcessGuid":"365ABB72-3FE0-5CC8-0000-00107E590000","TargetProcessId":492,"TargetImage":"C:\\Windows\\System32\\lsass.exe","NewThreadId":3656,"StartAddress":"0x001A0000","StartModule":"","StartFunction":""}}}
