{"Event":{"#attributes":{"xmlns":"http://schemas.microsoft.com/win/2004/08/events/event"},"System":{"Provider":{"#attributes":{"Name":"Microsoft-Windows-Sysmon","Guid":"5770385F-C22A-43E0-BF4C-06F5698FFBD9"}},"EventID":1,"Version":5,"Level":4,"Task":1,"Opcode":0,"Keywords":"0x8000000000000000","TimeCreated":{"#attributes":{"SystemTime":"2021-08-22T19:33:38.725718Z"}},"EventRecordID":1912931,"Correlation":null,"Execution":{"#attributes":{"ProcessID":4760,"ThreadID":6844}},"Channel":"Microsoft-Windows-Sysmon/Operational","Computer":"LAPTOP-JU4M3I0E","Security":{"#attributes":{"UserID":"S-1-5-18"}}},"EventData":{"RuleName":"","UtcTime":"2021-08-22 19:33:37.299","ProcessGuid":"00247C92-A691-6122-0000-001021C31F02","ProcessId":14048,"Image":"C:\\temp\\EfsPotato.exe","FileVersion":"0.0.0.0","Description":"","Product":"?","Company":"?","OriginalFileName":"EfsPotato.exe","CommandLine":"c:\\temp\\EfsPotato.exe  whoami","CurrentDirectory":"C:\\WINDOWS\\system32\\","User":"NT AUTHORITY\\NETWORK SERVICE","LogonGuid":"00247C92-7087-6122-0000-0020E4030000","LogonId":"0x3e4","TerminalSessionId":1,"IntegrityLevel":"System","Hashes":"SHA1=38FD7E3D2385C43B4BA9455942DB62FC3BCD0751,MD5=03084D46470C5E49554972D62168EBA7,SHA256=C6F356C3E633509DE51FA602DBB557B11B1AA711507EA63D9A7C489217CB397B,IMPHASH=F34D5F2D4577ED6D9CEEC516C1F5A744","ParentProcessGuid":"00247C92-A680-6122-0000-00100A051F02","ParentProcessId":14768,"ParentImage":"C:\\Windows\\System32\\cmd.exe","ParentCommandLine":"\"cmd.exe\""}}}
{"Event":{"#attributes":{"xmlns":"http://schemas.microsoft.com/win/2004/08/events/event"},"System":{"Provider":{"#attributes":{"Name":"Microsoft-Windows-Sysmon","Guid":"5770385F-C22A-43E0-BF4C-06F5698FFBD9"}},"EventID":17,"Version":1,"Level":4,"Task":17,"Opcode":0,"Keywords":"0x8000000000000000","TimeCreated":{"#attributes":{"SystemTime":"2021-08-22T19:33:38.844084Z"}},"EventRecordID":1912932,"Correlation":null,"Execution":{"#attributes":{"ProcessID":4760,"ThreadID":6844}},"Channel":"Microsoft-Windows-Sysmon/Operational","Computer":"LAPTOP-JU4M3I0E","Security":{"#attributes":{"UserID":"S-1-5-18"}}},"EventData":{"RuleName":"","EventType":"CreatePipe","UtcTime":"2021-08-22 19:33:38.843","ProcessGuid":"00247C92-A691-6122-0000-001021C31F02","ProcessId":14048,"PipeName":"\\dd4c18dc-bff6-42ce-b707-62c114b84291\\pipe\\srvsvc","Image":"c:\\temp\\EfsPotato.exe"}}}
{"Event":{"#attributes":{"xmlns":"http://schemas.microsoft.com/win/2004/08/events/event"},"System":{"Provider":{"#attributes":{"Name":"Microsoft-Windows-Sysmon","Guid":"5770385F-C22A-43E0-BF4C-06F5698FFBD9"}},"EventID":18,"Version":1,"Level":4,"Task":18,"Opcode":0,"Keywords":"0x8000000000000000","TimeCreated":{"#attributes":{"SystemTime":"2021-08-22T19:33:38.881336Z"}},"EventRecordID":1912933,"Correlation":null,"Execution":{"#attributes":{"ProcessID":4760,"ThreadID":6844}},"Channel":"Microsoft-Windows-Sysmon/Operational","Computer":"LAPTOP-JU4M3I0E","Security":{"#attributes":{"UserID":"S-1-5-18"}}},"EventData":{"RuleName":"","EventType":"ConnectPipe","UtcTime":"2021-08-22 19:33:38.881","ProcessGuid":"00247C92-707C-6122-0000-0010EB030000","ProcessId":4,"PipeName":"\\lsass","Image":"System"}}}
{"Event":{"#attributes":{"xmlns":"http://schemas.microsoft.com/win/2004/08/events/event"},"System":{"Provider":{"#attributes":{"Name":"Microsoft-Windows-Sysmon","Guid":"5770385F-C22A-43E0-BF4C-06F5698FFBD9"}},"EventID":18,"Version":1,"Level":4,"Task":18,"Opcode":0,"Keywords":"0x8000000000000000","TimeCreated":{"#attributes":{"SystemTime":"2021-08-22T19:33:38.884861Z"}},"EventRecordID":1912934,"Correlation":null,"Execution":{"#attributes":{"ProcessID":4760,"ThreadID":6844}},"Channel":"Microsoft-Windows-Sysmon/Operational","Computer":"LAPTOP-JU4M3I0E","Security":{"#attributes":{"UserID":"S-1-5-18"}}},"EventData":{"RuleName":"","EventType":"ConnectPipe","UtcTime":"2021-08-22 19:33:38.884","ProcessGuid":"00247C92-707C-6122-0000-0010EB030000","ProcessId":4,"PipeName":"\\dd4c18dc-bff6-42ce-b707-62c114b84291\\pipe\\srvsvc","Image":"System"}}}
{"Event":{"#attributes":{"xmlns":"http://schemas.microsoft.com/win/2004/08/events/event"},"System":{"Provider":{"#attributes":{"Name":"Microsoft-Windows-Sysmon","Guid":"5770385F-C22A-43E0-BF4C-06F5698FFBD9"}},"EventID":1,"Version":5,"Level":4,"Task":1,"Opcode":0,"Keywords":"0x8000000000000000","TimeCreated":{"#attributes":{"SystemTime":"2021-08-22T19:33:38.905645Z"}},"EventRecordID":1912935,"Correlation":null,"Execution":{"#attributes":{"ProcessID":4760,"ThreadID":6844}},"Channel":"Microsoft-Windows-Sysmon/Operational","Computer":"LAPTOP-JU4M3I0E","Security":{"#attributes":{"UserID":"S-1-5-18"}}},"EventData":{"RuleName":"","UtcTime":"2021-08-22 19:33:38.890","ProcessGuid":"00247C92-A692-6122-0000-0010A5CD1F02","ProcessId":11328,"Image":"C:\\Windows\\System32\\whoami.exe","FileVersion":"10.0.19041.1 (WinBuild.160101.0800)","Description":"whoami - displays logged on user information","Product":"Microsoft® Windows® Operating System","Company":"Microsoft Corporation","OriginalFileName":"whoami.exe","CommandLine":"whoami","CurrentDirectory":"C:\\WINDOWS\\system32\\","User":"NT AUTHORITY\\SYSTEM","LogonGuid":"00247C92-7087-6122-0000-0020E7030000","LogonId":"0x3e7","TerminalSessionId":0,"IntegrityLevel":"System","Hashes":"SHA1=1915FBFDB73FDD200C47880247ACDDE5442431A9,MD5=A4A6924F3EAF97981323703D38FD99C4,SHA256=1D4902A04D99E8CCBFE7085E63155955FEE397449D386453F6C452AE407B8743,IMPHASH=7FF0758B766F747CE57DFAC70743FB88","ParentProcessGuid":"00247C92-A691-6122-0000-001021C31F02","ParentProcessId":14048,"ParentImage":"C:\\temp\\EfsPotato.exe","ParentCommandLine":"c:\\temp\\EfsPotato.exe  whoami"}}}
{"Event":{"#attributes":{"xmlns":"http://schemas.microsoft.com/win/2004/08/events/event"},"System":{"Provider":{"#attributes":{"Name":"Microsoft-Windows-Sysmon","Guid":"5770385F-C22A-43E0-BF4C-06F5698FFBD9"}},"EventID":5,"Version":3,"Level":4,"Task":5,"Opcode":0,"Keywords":"0x8000000000000000","TimeCreated":{"#attributes":{"SystemTime":"2021-08-22T19:33:38.997253Z"}},"EventRecordID":1912936,"Correlation":null,"Execution":{"#attributes":{"ProcessID":4760,"ThreadID":6844}},"Channel":"Microsoft-Windows-Sysmon/Operational","Computer":"LAPTOP-JU4M3I0E","Security":{"#attributes":{"UserID":"S-1-5-18"}}},"EventData":{"RuleName":"","UtcTime":"2021-08-22 19:33:38.997","ProcessGuid":"00247C92-A691-6122-0000-001021C31F02","ProcessId":14048,"Image":"C:\\temp\\EfsPotato.exe"}}}
{"Event":{"#attributes":{"xmlns":"http://schemas.microsoft.com/win/2004/08/events/event"},"System":{"Provider":{"#attributes":{"Name":"Microsoft-Windows-Sysmon","Guid":"5770385F-C22A-43E0-BF4C-06F5698FFBD9"}},"EventID":3,"Version":5,"Level":4,"Task":3,"Opcode":0,"Keywords":"0x8000000000000000","TimeCreated":{"#attributes":{"SystemTime":"2021-08-22T19:33:40.014881Z"}},"EventRecordID":1912937,"Correlation":null,"Execution":{"#attributes":{"ProcessID":4760,"ThreadID":6748}},"Channel":"Microsoft-Windows-Sysmon/Operational","Computer":"LAPTOP-JU4M3I0E","Security":{"#attributes":{"UserID":"S-1-5-18"}}},"EventData":{"RuleName":"","UtcTime":"2021-08-22 19:33:38.873","ProcessGuid":"00247C92-707C-6122-0000-0010EB030000","ProcessId":4,"Image":"System","User":"NT AUTHORITY\\SYSTEM","Protocol":"tcp","Initiated":true,"SourceIsIpv6":true,"SourceIp":"0:0:0:0:0:0:0:1","SourceHostname":"LAPTOP-JU4M3I0E","SourcePort":53686,"SourcePortName":"","DestinationIsIpv6":true,"DestinationIp":"0:0:0:0:0:0:0:1","DestinationHostname":"LAPTOP-JU4M3I0E","DestinationPort":445,"DestinationPortName":"microsoft-ds"}}}
{"Event":{"#attributes":{"xmlns":"http://schemas.microsoft.com/win/2004/08/events/event"},"System":{"Provider":{"#attributes":{"Name":"Microsoft-Windows-Sysmon","Guid":"5770385F-C22A-43E0-BF4C-06F5698FFBD9"}},"EventID":3,"Version":5,"Level":4,"Task":3,"Opcode":0,"Keywords":"0x8000000000000000","TimeCreated":{"#attributes":{"SystemTime":"2021-08-22T19:33:40.014948Z"}},"EventRecordID":1912938,"Correlation":null,"Execution":{"#attributes":{"ProcessID":4760,"ThreadID":6748}},"Channel":"Microsoft-Windows-Sysmon/Operational","Computer":"LAPTOP-JU4M3I0E","Security":{"#attributes":{"UserID":"S-1-5-18"}}},"EventData":{"RuleName":"","UtcTime":"2021-08-22 19:33:38.873","ProcessGuid":"00247C92-707C-6122-0000-0010EB030000","ProcessId":4,"Image":"System","User":"NT AUTHORITY\\SYSTEM","Protocol":"tcp","Initiated":false,"SourceIsIpv6":true,"SourceIp":"0:0:0:0:0:0:0:1","SourceHostname":"LAPTOP-JU4M3I0E","SourcePort":53686,"SourcePortName":"","DestinationIsIpv6":true,"DestinationIp":"0:0:0:0:0:0:0:1","DestinationHostname":"LAPTOP-JU4M3I0E","DestinationPort":445,"DestinationPortName":"microsoft-ds"}}}
{"Event":{"#attributes":{"xmlns":"http://schemas.microsoft.com/win/2004/08/events/event"},"System":{"Provider":{"#attributes":{"Name":"Microsoft-Windows-Sysmon","Guid":"5770385F-C22A-43E0-BF4C-06F5698FFBD9"}},"EventID":1,"Version":5,"Level":4,"Task":1,"Opcode":0,"Keywords":"0x8000000000000000","TimeCreated":{"#attributes":{"SystemTime":"2021-08-22T19:33:52.250240Z"}},"EventRecordID":1912939,"Correlation":null,"Execution":{"#attributes":{"ProcessID":4760,"ThreadID":6844}},"Channel":"Microsoft-Windows-Sysmon/Operational","Computer":"LAPTOP-JU4M3I0E","Security":{"#attributes":{"UserID":"S-1-5-18"}}},"EventData":{"RuleName":"","UtcTime":"2021-08-22 19:33:52.194","ProcessGuid":"00247C92-A6A0-6122-0000-00102F592002","ProcessId":15488,"Image":"C:\\Users\\bouss\\AppData\\Local\\Microsoft\\OneDrive\\21.139.0711.0001\\FileCoAuth.exe","FileVersion":"21.139.0711.0001","Description":"Microsoft OneDriveFile Co-Authoring Executable","Product":"Microsoft OneDrive","Company":"Microsoft Corporation","OriginalFileName":"FileCoAuth.exe","CommandLine":"\"C:\\Users\\bouss\\AppData\\Local\\Microsoft\\OneDrive\\21.139.0711.0001\\FileCoAuth.exe\" -Embedding","CurrentDirectory":"C:\\WINDOWS\\system32\\","User":"LAPTOP-JU4M3I0E\\bouss","LogonGuid":"00247C92-7091-6122-0000-0020EBF90B00","LogonId":"0xbf9eb","TerminalSessionId":1,"IntegrityLevel":"Medium","Hashes":"SHA1=DDCE65617AFAD1A8962EAC2C249D800138975919,MD5=568D09719FEDD7311C098E1CF055E4FD,SHA256=76FAEC315C23260AB2C7AF200FC799A564DA06B075FDB38FC340463621F125B3,IMPHASH=F0C71BA9BFD4E0631CF7BD5391769E9C","ParentProcessGuid":"00247C92-7087-6122-0000-0010242D0200","ParentProcessId":612,"ParentImage":"C:\\Windows\\System32\\svchost.exe","ParentCommandLine":"C:\\WINDOWS\\system32\\svchost.exe -k DcomLaunch -p"}}}
{"Event":{"#attributes":{"xmlns":"http://schemas.microsoft.com/win/2004/08/events/event"},"System":{"Provider":{"#attributes":{"Name":"Microsoft-Windows-Sysmon","Guid":"5770385F-C22A-43E0-BF4C-06F5698FFBD9"}},"EventID":7,"Version":3,"Level":4,"Task":7,"Opcode":0,"Keywords":"0x8000000000000000","TimeCreated":{"#attributes":{"SystemTime":"2021-08-22T19:33:52.303561Z"}},"EventRecordID":1912940,"Correlation":null,"Execution":{"#attributes":{"ProcessID":4760,"ThreadID":6844}},"Channel":"Microsoft-Windows-Sysmon/Operational","Computer":"LAPTOP-JU4M3I0E","Security":{"#attributes":{"UserID":"S-1-5-18"}}},"EventData":{"RuleName":"Execution - Image Loaded from suspicious path","UtcTime":"2021-08-22 19:33:52.301","ProcessGuid":"00247C92-A6A0-6122-0000-00102F592002","ProcessId":15488,"Image":"C:\\Users\\bouss\\AppData\\Local\\Microsoft\\OneDrive\\21.139.0711.0001\\FileCoAuth.exe","ImageLoaded":"C:\\Users\\bouss\\AppData\\Local\\Microsoft\\OneDrive\\21.139.0711.0001\\vcruntime140_1.dll","FileVersion":"14.28.29913.0 built by: vcwrkspc","Description":"Microsoft® C Runtime Library","Product":"Microsoft® Visual Studio®","Company":"Microsoft Corporation","OriginalFileName":"vcruntime140_1.dll","Hashes":"SHA1=58D562E8E3496A97E0CFE34C64B7AC79F40A9367,MD5=639584D9FCDC54D7644328650028F453,SHA256=4EF85487DE3B07AB52D269A51CFC2499C2E77ECBE2C63EC556F2C59AAD311B81,IMPHASH=AE0BDE6314FA2027B54CE04898F6AB69","Signed":"true","Signature":"Microsoft Corporation","SignatureStatus":"Valid"}}}
{"Event":{"#attributes":{"xmlns":"http://schemas.microsoft.com/win/2004/08/events/event"},"System":{"Provider":{"#attributes":{"Name":"Microsoft-Windows-Sysmon","Guid":"5770385F-C22A-43E0-BF4C-06F5698FFBD9"}},"EventID":7,"Version":3,"Level":4,"Task":7,"Opcode":0,"Keywords":"0x8000000000000000","TimeCreated":{"#attributes":{"SystemTime":"2021-08-22T19:33:52.315160Z"}},"EventRecordID":1912941,"Correlation":null,"Execution":{"#attributes":{"ProcessID":4760,"ThreadID":6844}},"Channel":"Microsoft-Windows-Sysmon/Operational","Computer":"LAPTOP-JU4M3I0E","Security":{"#attributes":{"UserID":"S-1-5-18"}}},"EventData":{"RuleName":"Execution - Image Loaded from suspicious path","UtcTime":"2021-08-22 19:33:52.306","ProcessGuid":"00247C92-A6A0-6122-0000-00102F592002","ProcessId":15488,"Image":"C:\\Users\\bouss\\AppData\\Local\\Microsoft\\OneDrive\\21.139.0711.0001\\FileCoAuth.exe","ImageLoaded":"C:\\Users\\bouss\\AppData\\Local\\Microsoft\\OneDrive\\21.139.0711.0001\\UpdateRingSettings.dll","FileVersion":"21.139.0711.0001","Description":"Update Ring Settings","Product":"Microsoft OneDrive","Company":"Microsoft Corporation","OriginalFileName":"UpdateRingSettings.dll","Hashes":"SHA1=50FBFD34BCB3A0CDCAE94D963AF6DA5B6EAAF702,MD5=E5783051077ECC0CF81051ACC6C7872D,SHA256=8E63CC1DDD7C554532FB00A2E3198D712ED19DD64EF6818119AFC2A5214148A8,IMPHASH=8B31BD73AB0C52BD4506C09FDABE59CE","Signed":"true","Signature":"Microsoft Corporation","SignatureStatus":"Valid"}}}
{"Event":{"#attributes":{"xmlns":"http://schemas.microsoft.com/win/2004/08/events/event"},"System":{"Provider":{"#attributes":{"Name":"Microsoft-Windows-Sysmon","Guid":"5770385F-C22A-43E0-BF4C-06F5698FFBD9"}},"EventID":7,"Version":3,"Level":4,"Task":7,"Opcode":0,"Keywords":"0x8000000000000000","TimeCreated":{"#attributes":{"SystemTime":"2021-08-22T19:33:52.324079Z"}},"EventRecordID":1912942,"Correlation":null,"Execution":{"#attributes":{"ProcessID":4760,"ThreadID":6844}},"Channel":"Microsoft-Windows-Sysmon/Operational","Computer":"LAPTOP-JU4M3I0E","Security":{"#attributes":{"UserID":"S-1-5-18"}}},"EventData":{"RuleName":"Execution - Image Loaded from suspicious path","UtcTime":"2021-08-22 19:33:52.319","ProcessGuid":"00247C92-A6A0-6122-0000-00102F592002","ProcessId":15488,"Image":"C:\\Users\\bouss\\AppData\\Local\\Microsoft\\OneDrive\\21.139.0711.0001\\FileCoAuth.exe","ImageLoaded":"C:\\Users\\bouss\\AppData\\Local\\Microsoft\\OneDrive\\21.139.0711.0001\\LoggingPlatform.dll","FileVersion":"21.139.0711.0001","Description":"Logging Platform","Product":"Microsoft OneDrive","Company":"Microsoft Corporation","OriginalFileName":"LoggingPlatform.dll","Hashes":"SHA1=479CD840A5352F76051B5722E4CD9004C72567EC,MD5=090BBA421A213F67FBFE10231116E008,SHA256=1E8923D71C32876B53A887983C63BC94914AB91CAAF1E13D3979F64F529DD043,IMPHASH=D39A0141F3324CB1CE047427FD20FCEA","Signed":"true","Signature":"Microsoft Corporation","SignatureStatus":"Valid"}}}
{"Event":{"#attributes":{"xmlns":"http://schemas.microsoft.com/win/2004/08/events/event"},"System":{"Provider":{"#attributes":{"Name":"Microsoft-Windows-Sysmon","Guid":"5770385F-C22A-43E0-BF4C-06F5698FFBD9"}},"EventID":7,"Version":3,"Level":4,"Task":7,"Opcode":0,"Keywords":"0x8000000000000000","TimeCreated":{"#attributes":{"SystemTime":"2021-08-22T19:33:52.335420Z"}},"EventRecordID":1912943,"Correlation":null,"Execution":{"#attributes":{"ProcessID":4760,"ThreadID":6844}},"Channel":"Microsoft-Windows-Sysmon/Operational","Computer":"LAPTOP-JU4M3I0E","Security":{"#attributes":{"UserID":"S-1-5-18"}}},"EventData":{"RuleName":"Execution - Image Loaded from suspicious path","UtcTime":"2021-08-22 19:33:52.328","ProcessGuid":"00247C92-A6A0-6122-0000-00102F592002","ProcessId":15488,"Image":"C:\\Users\\bouss\\AppData\\Local\\Microsoft\\OneDrive\\21.139.0711.0001\\FileCoAuth.exe","ImageLoaded":"C:\\Users\\bouss\\AppData\\Local\\Microsoft\\OneDrive\\21.139.0711.0001\\msvcp140.dll","FileVersion":"14.28.29913.0 built by: vcwrkspc","Description":"Microsoft® C Runtime Library","Product":"Microsoft® Visual Studio®","Company":"Microsoft Corporation","OriginalFileName":"msvcp140.dll","Hashes":"SHA1=6648A614B14F15ECB522A6D2BDF5E5031417742F,MD5=5BEB853A59982A96052364AB7BDE8D20,SHA256=CEACFE080276ACDF3FF731A8CA68140BCF589CEB1E3DD7544E0D4765E0489D9E,IMPHASH=4F1912F58F8D1AE7998EF5303198D62D","Signed":"true","Signature":"Microsoft Corporation","SignatureStatus":"Valid"}}}
{"Event":{"#attributes":{"xmlns":"http://schemas.microsoft.com/win/2004/08/events/event"},"System":{"Provider":{"#attributes":{"Name":"Microsoft-Windows-Sysmon","Guid":"5770385F-C22A-43E0-BF4C-06F5698FFBD9"}},"EventID":7,"Version":3,"Level":4,"Task":7,"Opcode":0,"Keywords":"0x8000000000000000","TimeCreated":{"#attributes":{"SystemTime":"2021-08-22T19:33:52.342887Z"}},"EventRecordID":1912944,"Correlation":null,"Execution":{"#attributes":{"ProcessID":4760,"ThreadID":6844}},"Channel":"Microsoft-Windows-Sysmon/Operational","Computer":"LAPTOP-JU4M3I0E","Security":{"#attributes":{"UserID":"S-1-5-18"}}},"EventData":{"RuleName":"Execution - Image Loaded from suspicious path","UtcTime":"2021-08-22 19:33:52.341","ProcessGuid":"00247C92-A6A0-6122-0000-00102F592002","ProcessId":15488,"Image":"C:\\Users\\bouss\\AppData\\Local\\Microsoft\\OneDrive\\21.139.0711.0001\\FileCoAuth.exe","ImageLoaded":"C:\\Users\\bouss\\AppData\\Local\\Microsoft\\OneDrive\\21.139.0711.0001\\vcruntime140.dll","FileVersion":"14.28.29913.0 built by: vcwrkspc","Description":"Microsoft® C Runtime Library","Product":"Microsoft® Visual Studio®","Company":"Microsoft Corporation","OriginalFileName":"vcruntime140.dll","Hashes":"SHA1=344B09330D8CC196728BC4320194FE49993D3A2C,MD5=B3FF2F3D0040F23F36E9F2A3444F42EA,SHA256=3A8DAE539BB91C950CCD6EA244D5C09CDF44AEBC8EE4FF9C5094D5195F40E82A,IMPHASH=44C3854843F7A3FCCDF8DDBBEA66F302","Signed":"true","Signature":"Microsoft Corporation","SignatureStatus":"Valid"}}}
{"Event":{"#attributes":{"xmlns":"http://schemas.microsoft.com/win/2004/08/events/event"},"System":{"Provider":{"#attributes":{"Name":"Microsoft-Windows-Sysmon","Guid":"5770385F-C22A-43E0-BF4C-06F5698FFBD9"}},"EventID":7,"Version":3,"Level":4,"Task":7,"Opcode":0,"Keywords":"0x8000000000000000","TimeCreated":{"#attributes":{"SystemTime":"2021-08-22T19:33:52.344234Z"}},"EventRecordID":1912945,"Correlation":null,"Execution":{"#attributes":{"ProcessID":4760,"ThreadID":6844}},"Channel":"Microsoft-Windows-Sysmon/Operational","Computer":"LAPTOP-JU4M3I0E","Security":{"#attributes":{"UserID":"S-1-5-18"}}},"EventData":{"RuleName":"Execution - Image Loaded from suspicious path","UtcTime":"2021-08-22 19:33:52.342","ProcessGuid":"00247C92-A6A0-6122-0000-00102F592002","ProcessId":15488,"Image":"C:\\Users\\bouss\\AppData\\Local\\Microsoft\\OneDrive\\21.139.0711.0001\\FileCoAuth.exe","ImageLoaded":"C:\\Users\\bouss\\AppData\\Local\\Microsoft\\OneDrive\\21.139.0711.0001\\vcruntime140.dll","FileVersion":"14.28.29913.0 built by: vcwrkspc","Description":"Microsoft® C Runtime Library","Product":"Microsoft® Visual Studio®","Company":"Microsoft Corporation","OriginalFileName":"vcruntime140.dll","Hashes":"SHA1=344B09330D8CC196728BC4320194FE49993D3A2C,MD5=B3FF2F3D0040F23F36E9F2A3444F42EA,SHA256=3A8DAE539BB91C950CCD6EA244D5C09CDF44AEBC8EE4FF9C5094D5195F40E82A,IMPHASH=44C3854843F7A3FCCDF8DDBBEA66F302","Signed":"true","Signature":"Microsoft Corporation","SignatureStatus":"Valid"}}}
{"Event":{"#attributes":{"xmlns":"http://schemas.microsoft.com/win/2004/08/events/event"},"System":{"Provider":{"#attributes":{"Name":"Microsoft-Windows-Sysmon","Guid":"5770385F-C22A-43E0-BF4C-06F5698FFBD9"}},"EventID":7,"Version":3,"Level":4,"Task":7,"Opcode":0,"Keywords":"0x8000000000000000","TimeCreated":{"#attributes":{"SystemTime":"2021-08-22T19:33:52.350971Z"}},"EventRecordID":1912946,"Correlation":null,"Execution":{"#attributes":{"ProcessID":4760,"ThreadID":6844}},"Channel":"Microsoft-Windows-Sysmon/Operational","Computer":"LAPTOP-JU4M3I0E","Security":{"#attributes":{"UserID":"S-1-5-18"}}},"EventData":{"RuleName":"Execution - Image Loaded from suspicious path","UtcTime":"2021-08-22 19:33:52.349","ProcessGuid":"00247C92-A6A0-6122-0000-00102F592002","ProcessId":15488,"Image":"C:\\Users\\bouss\\AppData\\Local\\Microsoft\\OneDrive\\21.139.0711.0001\\FileCoAuth.exe","ImageLoaded":"C:\\Users\\bouss\\AppData\\Local\\Microsoft\\OneDrive\\21.139.0711.0001\\vcruntime140.dll","FileVersion":"14.28.29913.0 built by: vcwrkspc","Description":"Microsoft® C Runtime Library","Product":"Microsoft® Visual Studio®","Company":"Microsoft Corporation","OriginalFileName":"vcruntime140.dll","Hashes":"SHA1=344B09330D8CC196728BC4320194FE49993D3A2C,MD5=B3FF2F3D0040F23F36E9F2A3444F42EA,SHA256=3A8DAE539BB91C950CCD6EA244D5C09CDF44AEBC8EE4FF9C5094D5195F40E82A,IMPHASH=44C3854843F7A3FCCDF8DDBBEA66F302","Signed":"true","Signature":"Microsoft Corporation","SignatureStatus":"Valid"}}}
{"Event":{"#attributes":{"xmlns":"http://schemas.microsoft.com/win/2004/08/events/event"},"System":{"Provider":{"#attributes":{"Name":"Microsoft-Windows-Sysmon","Guid":"5770385F-C22A-43E0-BF4C-06F5698FFBD9"}},"EventID":7,"Version":3,"Level":4,"Task":7,"Opcode":0,"Keywords":"0x8000000000000000","TimeCreated":{"#attributes":{"SystemTime":"2021-08-22T19:33:52.355421Z"}},"EventRecordID":1912947,"Correlation":null,"Execution":{"#attributes":{"ProcessID":4760,"ThreadID":6844}},"Channel":"Microsoft-Windows-Sysmon/Operational","Computer":"LAPTOP-JU4M3I0E","Security":{"#attributes":{"UserID":"S-1-5-18"}}},"EventData":{"RuleName":"Execution - Image Loaded from suspicious path","UtcTime":"2021-08-22 19:33:52.352","ProcessGuid":"00247C92-A6A0-6122-0000-00102F592002","ProcessId":15488,"Image":"C:\\Users\\bouss\\AppData\\Local\\Microsoft\\OneDrive\\21.139.0711.0001\\FileCoAuth.exe","ImageLoaded":"C:\\Users\\bouss\\AppData\\Local\\Microsoft\\OneDrive\\21.139.0711.0001\\msvcp140.dll","FileVersion":"14.28.29913.0 built by: vcwrkspc","Description":"Microsoft® C Runtime Library","Product":"Microsoft® Visual Studio®","Company":"Microsoft Corporation","OriginalFileName":"msvcp140.dll","Hashes":"SHA1=6648A614B14F15ECB522A6D2BDF5E5031417742F,MD5=5BEB853A59982A96052364AB7BDE8D20,SHA256=CEACFE080276ACDF3FF731A8CA68140BCF589CEB1E3DD7544E0D4765E0489D9E,IMPHASH=4F1912F58F8D1AE7998EF5303198D62D","Signed":"true","Signature":"Microsoft Corporation","SignatureStatus":"Valid"}}}
{"Event":{"#attributes":{"xmlns":"http://schemas.microsoft.com/win/2004/08/events/event"},"System":{"Provider":{"#attributes":{"Name":"Microsoft-Windows-Sysmon","Guid":"5770385F-C22A-43E0-BF4C-06F5698FFBD9"}},"EventID":7,"Version":3,"Level":4,"Task":7,"Opcode":0,"Keywords":"0x8000000000000000","TimeCreated":{"#attributes":{"SystemTime":"2021-08-22T19:33:52.513122Z"}},"EventRecordID":1912948,"Correlation":null,"Execution":{"#attributes":{"ProcessID":4760,"ThreadID":6844}},"Channel":"Microsoft-Windows-Sysmon/Operational","Computer":"LAPTOP-JU4M3I0E","Security":{"#attributes":{"UserID":"S-1-5-18"}}},"EventData":{"RuleName":"Execution - Image Loaded from suspicious path","UtcTime":"2021-08-22 19:33:52.511","ProcessGuid":"00247C92-A6A0-6122-0000-00102F592002","ProcessId":15488,"Image":"C:\\Users\\bouss\\AppData\\Local\\Microsoft\\OneDrive\\21.139.0711.0001\\FileCoAuth.exe","ImageLoaded":"C:\\Users\\bouss\\AppData\\Local\\Microsoft\\OneDrive\\21.139.0711.0001\\OneDriveTelemetryStable.dll","FileVersion":"21.139.0711.0001","Description":"OneDriveTelemetry Stable DLL","Product":"Microsoft OneDrive","Company":"Microsoft Corporation","OriginalFileName":"OneDriveTelemetryStable.dll","Hashes":"SHA1=8D3D5F03E129C08F890847F7B12E620F9315B396,MD5=B01D2385E32F4251399C7EDCE8364967,SHA256=5E6CC575BEC320E4502B48B1050FE255BF6504013FAA6EE62A80707E3092383E,IMPHASH=C719A37B3234505BC0AADBB7DE7C9654","Signed":"true","Signature":"Microsoft Corporation","SignatureStatus":"Valid"}}}
{"Event":{"#attributes":{"xmlns":"http://schemas.microsoft.com/win/2004/08/events/event"},"System":{"Provider":{"#attributes":{"Name":"Microsoft-Windows-Sysmon","Guid":"5770385F-C22A-43E0-BF4C-06F5698FFBD9"}},"EventID":7,"Version":3,"Level":4,"Task":7,"Opcode":0,"Keywords":"0x8000000000000000","TimeCreated":{"#attributes":{"SystemTime":"2021-08-22T19:33:52.545439Z"}},"EventRecordID":1912949,"Correlation":null,"Execution":{"#attributes":{"ProcessID":4760,"ThreadID":6844}},"Channel":"Microsoft-Windows-Sysmon/Operational","Computer":"LAPTOP-JU4M3I0E","Security":{"#attributes":{"UserID":"S-1-5-18"}}},"EventData":{"RuleName":"Execution - Image Loaded from suspicious path","UtcTime":"2021-08-22 19:33:52.544","ProcessGuid":"00247C92-A6A0-6122-0000-00102F592002","ProcessId":15488,"Image":"C:\\Users\\bouss\\AppData\\Local\\Microsoft\\OneDrive\\21.139.0711.0001\\FileCoAuth.exe","ImageLoaded":"C:\\Users\\bouss\\AppData\\Local\\Microsoft\\OneDrive\\21.139.0711.0001\\FileSyncTelemetryExtensions.dll","FileVersion":"21.139.0711.0001","Description":"TelemetryExtensions Library","Product":"Microsoft OneDrive","Company":"Microsoft Corporation","OriginalFileName":"FileSyncTelemetryExtensions.dll","Hashes":"SHA1=B535176F0E42CE3DEE9F650070AB1CAEA840CFBF,MD5=68E4FB636BC56B74BF54F18223238862,SHA256=1084C4AF96A06F8A84CA279C659394ACB1BC80D1F5DBC16EB62964C5632C41A0,IMPHASH=D207E97F105829D9C63E79F98B136D2B","Signed":"true","Signature":"Microsoft Corporation","SignatureStatus":"Valid"}}}
{"Event":{"#attributes":{"xmlns":"http://schemas.microsoft.com/win/2004/08/events/event"},"System":{"Provider":{"#attributes":{"Name":"Microsoft-Windows-Sysmon","Guid":"5770385F-C22A-43E0-BF4C-06F5698FFBD9"}},"EventID":7,"Version":3,"Level":4,"Task":7,"Opcode":0,"Keywords":"0x8000000000000000","TimeCreated":{"#attributes":{"SystemTime":"2021-08-22T19:33:52.931515Z"}},"EventRecordID":1912950,"Correlation":null,"Execution":{"#attributes":{"ProcessID":4760,"ThreadID":6844}},"Channel":"Microsoft-Windows-Sysmon/Operational","Computer":"LAPTOP-JU4M3I0E","Security":{"#attributes":{"UserID":"S-1-5-18"}}},"EventData":{"RuleName":"Execution - Image Loaded from suspicious path","UtcTime":"2021-08-22 19:33:52.924","ProcessGuid":"00247C92-A6A0-6122-0000-00102F592002","ProcessId":15488,"Image":"C:\\Users\\bouss\\AppData\\Local\\Microsoft\\OneDrive\\21.139.0711.0001\\FileCoAuth.exe","ImageLoaded":"C:\\Users\\bouss\\AppData\\Local\\Microsoft\\OneDrive\\21.139.0711.0001\\FileCoAuthLib64.dll","FileVersion":"21.139.0711.0001","Description":"Microsoft OneDriveFile Co-Authoring Library","Product":"Microsoft OneDrive","Company":"Microsoft Corporation","OriginalFileName":"FileCoAuthLib64.dll","Hashes":"SHA1=FFFD189CF1234EC54392F57C8D6D683A92DEB2B4,MD5=5E3A74A8E0295B1396C1A5D5D5C0664F,SHA256=E0132392E8014B120BBF51F2E98E9BB329877666A7D005353A4E96DF14DFFD4C,IMPHASH=592278570E604A14992850A5B210142D","Signed":"true","Signature":"Microsoft Corporation","SignatureStatus":"Valid"}}}
