{"Event":{"#attributes":{"xmlns":"http://schemas.microsoft.com/win/2004/08/events/event"},"System":{"Provider":{"#attributes":{"Name":"Microsoft-Windows-Eventlog","Guid":"{fc65ddd8-d6ef-4962-83d5-6e5cfe9ce148}"}},"EventID":1102,"Version":0,"Level":4,"Task":104,"Opcode":0,"Keywords":"0x4020000000000000","TimeCreated":{"#attributes":{"SystemTime":"2020-09-15T18:04:36.333991Z"}},"EventRecordID":161471,"Correlation":null,"Execution":{"#attributes":{"ProcessID":1276,"ThreadID":6720}},"Channel":"Security","Computer":"MSEDGEWIN10","Security":null},"UserData":{"LogFileCleared":{"#attributes":{"xmlns":"http://manifests.microsoft.com/win/2004/08/windows/eventlog"},"SubjectUserSid":"S-1-5-21-3461203602-4096304019-2269080069-1000","SubjectUserName":"IEUser","SubjectDomainName":"MSEDGEWIN10","SubjectLogonId":"0x52a7d"}}}}
{"Event":{"#attributes":{"xmlns":"http://schemas.microsoft.com/win/2004/08/events/event"},"System":{"Provider":{"#attributes":{"Name":"Microsoft-Windows-Security-Auditing","Guid":"54849625-5478-4994-A5BA-3E3B0328C30D"}},"EventID":4648,"Version":0,"Level":0,"Task":12544,"Opcode":0,"Keywords":"0x8020000000000000","TimeCreated":{"#attributes":{"SystemTime":"2020-09-15T18:04:39.987052Z"}},"EventRecordID":161472,"Correlation":{"#attributes":{"ActivityID":"C5412E82-8BC5-0000-0A2F-41C5C58BD601"}},"Execution":{"#attributes":{"ProcessID":644,"ThreadID":5436}},"Channel":"Security","Computer":"MSEDGEWIN10","Security":null},"EventData":{"SubjectUserSid":"S-1-5-21-3461203602-4096304019-2269080069-1009","SubjectUserName":"svc01","SubjectDomainName":"MSEDGEWIN10","SubjectLogonId":"0x10b6b3","LogonGuid":"00000000-0000-0000-0000-000000000000","TargetUserName":"IEUser","TargetDomainName":"MSEDGEWIN10","TargetLogonGuid":"00000000-0000-0000-0000-000000000000","TargetServerName":"localhost","TargetInfo":"localhost","ProcessId":"0x140c","ProcessName":"C:\\Windows\\System32\\inetsrv\\w3wp.exe","IpAddress":"-","IpPort":"-"}}}
{"Event":{"#attributes":{"xmlns":"http://schemas.microsoft.com/win/2004/08/events/event"},"System":{"Provider":{"#attributes":{"Name":"Microsoft-Windows-Security-Auditing","Guid":"54849625-5478-4994-A5BA-3E3B0328C30D"}},"EventID":4624,"Version":2,"Level":0,"Task":12544,"Opcode":0,"Keywords":"0x8020000000000000","TimeCreated":{"#attributes":{"SystemTime":"2020-09-15T18:04:39.987123Z"}},"EventRecordID":161473,"Correlation":{"#attributes":{"ActivityID":"C5412E82-8BC5-0000-0A2F-41C5C58BD601"}},"Execution":{"#attributes":{"ProcessID":644,"ThreadID":5436}},"Channel":"Security","Computer":"MSEDGEWIN10","Security":null},"EventData":{"SubjectUserSid":"S-1-5-21-3461203602-4096304019-2269080069-1009","SubjectUserName":"svc01","SubjectDomainName":"MSEDGEWIN10","SubjectLogonId":"0x10b6b3","TargetUserSid":"S-1-5-21-3461203602-4096304019-2269080069-1000","TargetUserName":"IEUser","TargetDomainName":"MSEDGEWIN10","TargetLogonId":"0x22afa1","LogonType":3,"LogonProcessName":"Advapi","AuthenticationPackageName":"MICROSOFT_AUTHENTICATION_PACKAGE_V1_0","WorkstationName":"MSEDGEWIN10","LogonGuid":"00000000-0000-0000-0000-000000000000","TransmittedServices":"-","LmPackageName":"-","KeyLength":0,"ProcessId":"0x140c","ProcessName":"C:\\Windows\\System32\\inetsrv\\w3wp.exe","IpAddress":"-","IpPort":"-","ImpersonationLevel":"%%1833","RestrictedAdminMode":"-","TargetOutboundUserName":"-","TargetOutboundDomainName":"-","VirtualAccount":"%%1843","TargetLinkedLogonId":"0x0","ElevatedToken":"%%1842"}}}
