{"Event":{"#attributes":{"xmlns":"http://schemas.microsoft.com/win/2004/08/events/event"},"System":{"Provider":{"#attributes":{"Name":"Microsoft-Windows-Sysmon","Guid":"5770385F-C22A-43E0-BF4C-06F5698FFBD9"}},"EventID":10,"Version":3,"Level":4,"Task":10,"Opcode":0,"Keywords":"0x8000000000000000","TimeCreated":{"#attributes":{"SystemTime":"2020-10-05T20:43:58.351744Z"}},"EventRecordID":2164886,"Correlation":null,"Execution":{"#attributes":{"ProcessID":5424,"ThreadID":6708}},"Channel":"Microsoft-Windows-Sysmon/Operational","Computer":"LAPTOP-JU4M3I0E","Security":{"#attributes":{"UserID":"S-1-5-18"}}},"EventData":{"RuleName":"","UtcTime":"2020-10-05 20:43:58.350","SourceProcessGUID":"00247C92-858E-5F7B-0000-00106B29202B","SourceProcessId":27356,"SourceThreadId":4732,"SourceImage":"C:\\Users\\bouss\\Downloads\\UACME-3.2.6\\Source\\Akagi\\output\\x64\\Debug\\Akagi_64.exe","TargetProcessGUID":"00247C92-82A5-5F7B-0000-0010C89F0A2B","TargetProcessId":19072,"TargetImage":"C:\\Windows\\System32\\cmd.exe","GrantedAccess":"0x1410","CallTrace":"C:\\windows\\SYSTEM32\\ntdll.dll+9c534|C:\\windows\\System32\\KERNELBASE.dll+305fe|C:\\windows\\SYSTEM32\\OPENGL32.dll+e56db|C:\\windows\\SYSTEM32\\OPENGL32.dll+e61b9|C:\\windows\\SYSTEM32\\OPENGL32.dll+2989b|C:\\windows\\SYSTEM32\\OPENGL32.dll+2aa69|C:\\windows\\SYSTEM32\\OPENGL32.dll+44f79|C:\\windows\\SYSTEM32\\OPENGL32.dll+44335|C:\\windows\\System32\\gdi32full.dll+75989|C:\\Users\\bouss\\Downloads\\UACME-3.2.6\\Source\\Akagi\\output\\x64\\Debug\\Akagi_64.exe+1d90b|C:\\Users\\bouss\\Downloads\\UACME-3.2.6\\Source\\Akagi\\output\\x64\\Debug\\Akagi_64.exe+1dd60|C:\\Users\\bouss\\Downloads\\UACME-3.2.6\\Source\\Akagi\\output\\x64\\Debug\\Akagi_64.exe+1e070|C:\\Users\\bouss\\Downloads\\UACME-3.2.6\\Source\\Akagi\\output\\x64\\Debug\\Akagi_64.exe+428d2|C:\\windows\\SYSTEM32\\VCRUNTIME140D.dll+1be5b|C:\\Users\\bouss\\Downloads\\UACME-3.2.6\\Source\\Akagi\\output\\x64\\Debug\\Akagi_64.exe+3dcd6|C:\\windows\\SYSTEM32\\ntdll.dll+a11cf|C:\\windows\\SYSTEM32\\ntdll.dll+6a209|C:\\windows\\SYSTEM32\\ntdll.dll+9fe3e|C:\\Users\\bouss\\Downloads\\UACME-3.2.6\\Source\\Akagi\\output\\x64\\Debug\\Akagi_64.exe+1d29d|C:\\windows\\System32\\KERNEL32.DLL+17bd4|C:\\windows\\SYSTEM32\\ntdll.dll+6ce51"}}}
{"Event":{"#attributes":{"xmlns":"http://schemas.microsoft.com/win/2004/08/events/event"},"System":{"Provider":{"#attributes":{"Name":"Microsoft-Windows-Sysmon","Guid":"5770385F-C22A-43E0-BF4C-06F5698FFBD9"}},"EventID":10,"Version":3,"Level":4,"Task":10,"Opcode":0,"Keywords":"0x8000000000000000","TimeCreated":{"#attributes":{"SystemTime":"2020-10-05T20:43:58.390190Z"}},"EventRecordID":2164887,"Correlation":null,"Execution":{"#attributes":{"ProcessID":5424,"ThreadID":6708}},"Channel":"Microsoft-Windows-Sysmon/Operational","Computer":"LAPTOP-JU4M3I0E","Security":{"#attributes":{"UserID":"S-1-5-18"}}},"EventData":{"RuleName":"","UtcTime":"2020-10-05 20:43:58.389","SourceProcessGUID":"00247C92-5B27-5F74-0000-001045F11200","SourceProcessId":11640,"SourceThreadId":25568,"SourceImage":"C:\\windows\\system32\\svchost.exe","TargetProcessGUID":"00247C92-858E-5F7B-0000-00106B29202B","TargetProcessId":27356,"TargetImage":"C:\\windows\\explorer.exe","GrantedAccess":"0x1014c0","CallTrace":"C:\\windows\\SYSTEM32\\ntdll.dll+9c534|c:\\windows\\system32\\appinfo.dll+36f8|C:\\windows\\System32\\RPCRT4.dll+76a53|C:\\windows\\System32\\RPCRT4.dll+1ecb|C:\\windows\\System32\\RPCRT4.dll+54998|C:\\windows\\System32\\RPCRT4.dll+2c951|C:\\windows\\System32\\RPCRT4.dll+2c4a0|C:\\windows\\System32\\RPCRT4.dll+1a6bf|C:\\windows\\System32\\RPCRT4.dll+19d1a|C:\\windows\\System32\\RPCRT4.dll+19301|C:\\windows\\System32\\RPCRT4.dll+18d6e|C:\\windows\\System32\\RPCRT4.dll+169a5|C:\\windows\\SYSTEM32\\ntdll.dll+333ed|C:\\windows\\SYSTEM32\\ntdll.dll+34142|C:\\windows\\System32\\KERNEL32.DLL+17bd4|C:\\windows\\SYSTEM32\\ntdll.dll+6ce51"}}}
{"Event":{"#attributes":{"xmlns":"http://schemas.microsoft.com/win/2004/08/events/event"},"System":{"Provider":{"#attributes":{"Name":"Microsoft-Windows-Sysmon","Guid":"5770385F-C22A-43E0-BF4C-06F5698FFBD9"}},"EventID":10,"Version":3,"Level":4,"Task":10,"Opcode":0,"Keywords":"0x8000000000000000","TimeCreated":{"#attributes":{"SystemTime":"2020-10-05T20:43:58.394640Z"}},"EventRecordID":2164888,"Correlation":null,"Execution":{"#attributes":{"ProcessID":5424,"ThreadID":6708}},"Channel":"Microsoft-Windows-Sysmon/Operational","Computer":"LAPTOP-JU4M3I0E","Security":{"#attributes":{"UserID":"S-1-5-18"}}},"EventData":{"RuleName":"","UtcTime":"2020-10-05 20:43:58.393","SourceProcessGUID":"00247C92-5B27-5F74-0000-001045F11200","SourceProcessId":11640,"SourceThreadId":25568,"SourceImage":"C:\\windows\\system32\\svchost.exe","TargetProcessGUID":"00247C92-858E-5F7B-0000-00106B29202B","TargetProcessId":27356,"TargetImage":"C:\\windows\\explorer.exe","GrantedAccess":"0x1014c0","CallTrace":"C:\\windows\\SYSTEM32\\ntdll.dll+9c534|c:\\windows\\system32\\appinfo.dll+36f8|C:\\windows\\System32\\RPCRT4.dll+76a53|C:\\windows\\System32\\RPCRT4.dll+1ecb|C:\\windows\\System32\\RPCRT4.dll+54998|C:\\windows\\System32\\RPCRT4.dll+2c951|C:\\windows\\System32\\RPCRT4.dll+2c4a0|C:\\windows\\System32\\RPCRT4.dll+1a6bf|C:\\windows\\System32\\RPCRT4.dll+19d1a|C:\\windows\\System32\\RPCRT4.dll+19301|C:\\windows\\System32\\RPCRT4.dll+18d6e|C:\\windows\\System32\\RPCRT4.dll+169a5|C:\\windows\\SYSTEM32\\ntdll.dll+333ed|C:\\windows\\SYSTEM32\\ntdll.dll+34142|C:\\windows\\System32\\KERNEL32.DLL+17bd4|C:\\windows\\SYSTEM32\\ntdll.dll+6ce51"}}}
{"Event":{"#attributes":{"xmlns":"http://schemas.microsoft.com/win/2004/08/events/event"},"System":{"Provider":{"#attributes":{"Name":"Microsoft-Windows-Sysmon","Guid":"5770385F-C22A-43E0-BF4C-06F5698FFBD9"}},"EventID":1,"Version":5,"Level":4,"Task":1,"Opcode":0,"Keywords":"0x8000000000000000","TimeCreated":{"#attributes":{"SystemTime":"2020-10-05T20:43:58.450239Z"}},"EventRecordID":2164889,"Correlation":null,"Execution":{"#attributes":{"ProcessID":5424,"ThreadID":6708}},"Channel":"Microsoft-Windows-Sysmon/Operational","Computer":"LAPTOP-JU4M3I0E","Security":{"#attributes":{"UserID":"S-1-5-18"}}},"EventData":{"RuleName":"","UtcTime":"2020-10-05 20:43:58.449","ProcessGuid":"00247C92-858E-5F7B-0000-00105241202B","ProcessId":18404,"Image":"C:\\Windows\\System32\\Taskmgr.exe","FileVersion":"10.0.18362.693 (WinBuild.160101.0800)","Description":"Task Manager","Product":"Microsoft速 Windows速 Operating System","Company":"Microsoft Corporation","OriginalFileName":"Taskmgr.exe","CommandLine":"C:\\windows\\system32\\taskmgr.exe","CurrentDirectory":"C:\\windows\\system32\\","User":"LAPTOP-JU4M3I0E\\bouss","LogonGuid":"00247C92-8C36-5F75-0000-002034E39103","LogonId":"0x391e334","TerminalSessionId":2,"IntegrityLevel":"High","Hashes":"SHA1=8A4882EE93E1F23BF9241E4BA0BF7BD67F88A364,MD5=33FACAAB13A58251BF45E9AC958B15FA,SHA256=0AF6B3F8628E38B1551EC76277E482F8A2605B661F57C164C47ACEBB14B1A81B,IMPHASH=98526F50539626C2E9C93297FE2AF83B","ParentProcessGuid":"00247C92-858E-5F7B-0000-00106B29202B","ParentProcessId":27356,"ParentImage":"C:\\Users\\bouss\\Downloads\\UACME-3.2.6\\Source\\Akagi\\output\\x64\\Debug\\Akagi_64.exe","ParentCommandLine":"Akagi_64.exe  59 cmd.exe"}}}
{"Event":{"#attributes":{"xmlns":"http://schemas.microsoft.com/win/2004/08/events/event"},"System":{"Provider":{"#attributes":{"Name":"Microsoft-Windows-Sysmon","Guid":"5770385F-C22A-43E0-BF4C-06F5698FFBD9"}},"EventID":10,"Version":3,"Level":4,"Task":10,"Opcode":0,"Keywords":"0x8000000000000000","TimeCreated":{"#attributes":{"SystemTime":"2020-10-05T20:43:58.450522Z"}},"EventRecordID":2164890,"Correlation":null,"Execution":{"#attributes":{"ProcessID":5424,"ThreadID":6708}},"Channel":"Microsoft-Windows-Sysmon/Operational","Computer":"LAPTOP-JU4M3I0E","Security":{"#attributes":{"UserID":"S-1-5-18"}}},"EventData":{"RuleName":"","UtcTime":"2020-10-05 20:43:58.449","SourceProcessGUID":"00247C92-5B27-5F74-0000-001045F11200","SourceProcessId":11640,"SourceThreadId":25568,"SourceImage":"C:\\windows\\system32\\svchost.exe","TargetProcessGUID":"00247C92-858E-5F7B-0000-00105241202B","TargetProcessId":18404,"TargetImage":"C:\\windows\\system32\\taskmgr.exe","GrantedAccess":"0x1fffff","CallTrace":"C:\\windows\\SYSTEM32\\ntdll.dll+9d8e4|C:\\windows\\System32\\KERNELBASE.dll+59e1a|C:\\windows\\System32\\KERNELBASE.dll+55ec3|C:\\windows\\System32\\KERNEL32.DLL+1c9af|c:\\windows\\system32\\appinfo.dll+2c3d|c:\\windows\\system32\\appinfo.dll+411e|C:\\windows\\System32\\RPCRT4.dll+76a53|C:\\windows\\System32\\RPCRT4.dll+1ecb|C:\\windows\\System32\\RPCRT4.dll+54998|C:\\windows\\System32\\RPCRT4.dll+2c951|C:\\windows\\System32\\RPCRT4.dll+2c4a0|C:\\windows\\System32\\RPCRT4.dll+1a6bf|C:\\windows\\System32\\RPCRT4.dll+19d1a|C:\\windows\\System32\\RPCRT4.dll+19301|C:\\windows\\System32\\RPCRT4.dll+18d6e|C:\\windows\\System32\\RPCRT4.dll+169a5|C:\\windows\\SYSTEM32\\ntdll.dll+333ed|C:\\windows\\SYSTEM32\\ntdll.dll+34142|C:\\windows\\System32\\KERNEL32.DLL+17bd4|C:\\windows\\SYSTEM32\\ntdll.dll+6ce51"}}}
{"Event":{"#attributes":{"xmlns":"http://schemas.microsoft.com/win/2004/08/events/event"},"System":{"Provider":{"#attributes":{"Name":"Microsoft-Windows-Sysmon","Guid":"5770385F-C22A-43E0-BF4C-06F5698FFBD9"}},"EventID":10,"Version":3,"Level":4,"Task":10,"Opcode":0,"Keywords":"0x8000000000000000","TimeCreated":{"#attributes":{"SystemTime":"2020-10-05T20:43:58.450770Z"}},"EventRecordID":2164891,"Correlation":null,"Execution":{"#attributes":{"ProcessID":5424,"ThreadID":6708}},"Channel":"Microsoft-Windows-Sysmon/Operational","Computer":"LAPTOP-JU4M3I0E","Security":{"#attributes":{"UserID":"S-1-5-18"}}},"EventData":{"RuleName":"","UtcTime":"2020-10-05 20:43:58.450","SourceProcessGUID":"00247C92-858E-5F7B-0000-00106B29202B","SourceProcessId":27356,"SourceThreadId":4732,"SourceImage":"C:\\windows\\explorer.exe","TargetProcessGUID":"00247C92-858E-5F7B-0000-00105241202B","TargetProcessId":18404,"TargetImage":"C:\\windows\\system32\\taskmgr.exe","GrantedAccess":"0x12367b","CallTrace":"C:\\windows\\SYSTEM32\\ntdll.dll+9f9c4|C:\\windows\\System32\\KERNELBASE.dll+f8af6|C:\\windows\\explorer.exe+33be5|C:\\windows\\explorer.exe+31288|C:\\windows\\explorer.exe+316f2|C:\\windows\\explorer.exe+1dea1|C:\\windows\\explorer.exe+1e070|C:\\windows\\explorer.exe+428d2|C:\\windows\\SYSTEM32\\VCRUNTIME140D.dll+1be5b|C:\\windows\\explorer.exe+3dcd6|C:\\windows\\SYSTEM32\\ntdll.dll+a11cf|C:\\windows\\SYSTEM32\\ntdll.dll+6a209|C:\\windows\\SYSTEM32\\ntdll.dll+9fe3e|C:\\windows\\explorer.exe+1d29d|C:\\windows\\System32\\KERNEL32.DLL+17bd4|C:\\windows\\SYSTEM32\\ntdll.dll+6ce51"}}}
{"Event":{"#attributes":{"xmlns":"http://schemas.microsoft.com/win/2004/08/events/event"},"System":{"Provider":{"#attributes":{"Name":"Microsoft-Windows-Sysmon","Guid":"5770385F-C22A-43E0-BF4C-06F5698FFBD9"}},"EventID":1,"Version":5,"Level":4,"Task":1,"Opcode":0,"Keywords":"0x8000000000000000","TimeCreated":{"#attributes":{"SystemTime":"2020-10-05T20:43:58.451314Z"}},"EventRecordID":2164892,"Correlation":null,"Execution":{"#attributes":{"ProcessID":5424,"ThreadID":6708}},"Channel":"Microsoft-Windows-Sysmon/Operational","Computer":"LAPTOP-JU4M3I0E","Security":{"#attributes":{"UserID":"S-1-5-18"}}},"EventData":{"RuleName":"","UtcTime":"2020-10-05 20:43:58.450","ProcessGuid":"00247C92-858E-5F7B-0000-0010E741202B","ProcessId":6636,"Image":"C:\\Windows\\System32\\cmd.exe","FileVersion":"10.0.18362.449 (WinBuild.160101.0800)","Description":"Windows Command Processor","Product":"Microsoft速 Windows速 Operating System","Company":"Microsoft Corporation","OriginalFileName":"Cmd.Exe","CommandLine":"cmd.exe","CurrentDirectory":"C:\\windows\\","User":"LAPTOP-JU4M3I0E\\bouss","LogonGuid":"00247C92-8C36-5F75-0000-002034E39103","LogonId":"0x391e334","TerminalSessionId":2,"IntegrityLevel":"High","Hashes":"SHA1=8DCA9749CD48D286950E7A9FA1088C937CBCCAD4,MD5=D7AB69FAD18D4A643D84A271DFC0DBDF,SHA256=FF79D3C4A0B7EB191783C323AB8363EBD1FD10BE58D8BCC96B07067743CA81D5,IMPHASH=272245E2988E1E430500B852C4FB5E18","ParentProcessGuid":"00247C92-858E-5F7B-0000-00105241202B","ParentProcessId":18404,"ParentImage":"C:\\Windows\\System32\\Taskmgr.exe","ParentCommandLine":"C:\\windows\\system32\\taskmgr.exe"}}}
